{
  "stats": {
    "suites": 1,
    "tests": 3,
    "passes": 3,
    "pending": 0,
    "failures": 0,
    "start": "2024-05-16T06:10:33.098Z",
    "end": "2024-05-16T06:11:15.274Z",
    "duration": 42176,
    "testsRegistered": 3,
    "passPercent": 100,
    "pendingPercent": 0,
    "other": 0,
    "hasOther": false,
    "skipped": 0,
    "hasSkipped": false
  },
  "results": [
    {
      "uuid": "1179f58f-ba05-408b-8467-4a9ce8a4a379",
      "title": "",
      "fullFile": "cypress\\e2e\\language_support.cy.js",
      "file": "cypress\\e2e\\language_support.cy.js",
      "beforeHooks": [],
      "afterHooks": [],
      "tests": [],
      "suites": [
        {
          "uuid": "f277a2fd-34c3-4000-981f-dde37ccb726e",
          "title": "Language support test suit",
          "fullFile": "",
          "file": "",
          "beforeHooks": [],
          "afterHooks": [],
          "tests": [
            {
              "title": "For addition",
              "fullTitle": "Language support test suit For addition",
              "timedOut": null,
              "duration": 14097,
              "state": "passed",
              "speed": "slow",
              "pass": true,
              "fail": false,
              "pending": false,
              "context": null,
              "code": "cy.get('.ULSxyf>.MjjYud>.Ww4FFb', {\n  timeout: 5000\n}).should('exist');\ncy.wait(500);\nnumbers.seven();\nsigns.add();\nnumbers.three();\nsigns.equal();\n// Assertion on results\nsigns.resultField(10);",
              "err": {},
              "uuid": "04c4539a-fbfa-45ce-a464-0b141f8413aa",
              "parentUUID": "f277a2fd-34c3-4000-981f-dde37ccb726e",
              "isHook": false,
              "skipped": false
            },
            {
              "title": "For subtraction",
              "fullTitle": "Language support test suit For subtraction",
              "timedOut": null,
              "duration": 11549,
              "state": "passed",
              "speed": "slow",
              "pass": true,
              "fail": false,
              "pending": false,
              "context": null,
              "code": "cy.get('.ULSxyf>.MjjYud>.Ww4FFb', {\n  timeout: 5000\n}).should('exist');\ncy.wait(500);\nnumbers.seven();\nsigns.subtract();\nnumbers.three();\nsigns.equal();\n// Assertion on results\nsigns.resultField(4);",
              "err": {},
              "uuid": "0960ef6c-6b0e-4b19-8966-007876b26cf4",
              "parentUUID": "f277a2fd-34c3-4000-981f-dde37ccb726e",
              "isHook": false,
              "skipped": false
            },
            {
              "title": "For Division",
              "fullTitle": "Language support test suit For Division",
              "timedOut": null,
              "duration": 13757,
              "state": "passed",
              "speed": "slow",
              "pass": true,
              "fail": false,
              "pending": false,
              "context": null,
              "code": "cy.get('.ULSxyf>.MjjYud>.Ww4FFb', {\n  timeout: 5000\n}).should('exist');\ncy.wait(500);\nnumbers.one();\nnumbers.zero();\nsigns.divide();\nnumbers.two();\nsigns.equal();\n// Assertion on results\nsigns.resultField(5);",
              "err": {},
              "uuid": "7c0e0572-3f71-469c-b13e-204278c9ca7e",
              "parentUUID": "f277a2fd-34c3-4000-981f-dde37ccb726e",
              "isHook": false,
              "skipped": false
            }
          ],
          "suites": [],
          "passes": [
            "04c4539a-fbfa-45ce-a464-0b141f8413aa",
            "0960ef6c-6b0e-4b19-8966-007876b26cf4",
            "7c0e0572-3f71-469c-b13e-204278c9ca7e"
          ],
          "failures": [],
          "pending": [],
          "skipped": [],
          "duration": 39403,
          "root": false,
          "rootEmpty": false,
          "_timeout": 2000
        }
      ],
      "passes": [],
      "failures": [],
      "pending": [],
      "skipped": [],
      "duration": 0,
      "root": true,
      "rootEmpty": true,
      "_timeout": 2000
    }
  ],
  "meta": {
    "mocha": {
      "version": "7.0.1"
    },
    "mochawesome": {
      "options": {
        "quiet": false,
        "reportFilename": "mochawesome",
        "saveHtml": false,
        "saveJson": true,
        "consoleReporter": "spec",
        "useInlineDiffs": false,
        "code": true
      },
      "version": "7.1.3"
    },
    "marge": {
      "options": {
        "overwrite": false,
        "html": false,
        "json": true,
        "reportDir": "cypress\\reports\\html\\.jsons"
      },
      "version": "6.2.0"
    }
  }
}