{
  "stats": {
    "suites": 2,
    "tests": 10,
    "passes": 10,
    "pending": 0,
    "failures": 0,
    "start": "2024-05-15T17:24:22.063Z",
    "end": "2024-05-15T17:27:22.005Z",
    "duration": 179942,
    "testsRegistered": 10,
    "passPercent": 100,
    "pendingPercent": 0,
    "other": 0,
    "hasOther": false,
    "skipped": 0,
    "hasSkipped": false
  },
  "results": [
    {
      "uuid": "1c13101e-f213-4ee2-bfeb-8e44e5e50b10",
      "title": "",
      "fullFile": "cypress\\e2e\\positive_negative_test.cy.js",
      "file": "cypress\\e2e\\positive_negative_test.cy.js",
      "beforeHooks": [],
      "afterHooks": [],
      "tests": [],
      "suites": [
        {
          "uuid": "6e8b8865-b98f-43b2-9548-ccf6cdad512d",
          "title": "Positive test cases",
          "fullFile": "",
          "file": "",
          "beforeHooks": [],
          "afterHooks": [],
          "tests": [
            {
              "title": "For addition",
              "fullTitle": "Positive test cases For addition",
              "timedOut": null,
              "duration": 12891,
              "state": "passed",
              "speed": "slow",
              "pass": true,
              "fail": false,
              "pending": false,
              "context": null,
              "code": "numbers.seven();\nsigns.add();\nnumbers.three();\nsigns.equal();\n// Assertion on results\nsigns.resultField(10);\ncy.wait(2000);",
              "err": {},
              "uuid": "79a3dd14-b9c3-4e92-b9b2-abc8fda0dc00",
              "parentUUID": "6e8b8865-b98f-43b2-9548-ccf6cdad512d",
              "isHook": false,
              "skipped": false
            },
            {
              "title": "For subtraction",
              "fullTitle": "Positive test cases For subtraction",
              "timedOut": null,
              "duration": 11644,
              "state": "passed",
              "speed": "slow",
              "pass": true,
              "fail": false,
              "pending": false,
              "context": null,
              "code": "numbers.seven();\nsigns.subtract();\nnumbers.three();\nsigns.equal();\n// Assertion on results\nsigns.resultField(4);\ncy.wait(2000);",
              "err": {},
              "uuid": "d519de37-bce0-4a48-9fc3-4770f6744289",
              "parentUUID": "6e8b8865-b98f-43b2-9548-ccf6cdad512d",
              "isHook": false,
              "skipped": false
            },
            {
              "title": "For Multiplication",
              "fullTitle": "Positive test cases For Multiplication",
              "timedOut": null,
              "duration": 16501,
              "state": "passed",
              "speed": "slow",
              "pass": true,
              "fail": false,
              "pending": false,
              "context": null,
              "code": "numbers.one();\nnumbers.one();\nsigns.multiply();\nnumbers.seven();\nsigns.equal();\n// Assertion on results\nsigns.resultField(77);\ncy.wait(2000);",
              "err": {},
              "uuid": "07368e0d-880a-45bd-9cb3-867e859afa5d",
              "parentUUID": "6e8b8865-b98f-43b2-9548-ccf6cdad512d",
              "isHook": false,
              "skipped": false
            },
            {
              "title": "For Multiplication [Decimal]",
              "fullTitle": "Positive test cases For Multiplication [Decimal]",
              "timedOut": null,
              "duration": 20495,
              "state": "passed",
              "speed": "slow",
              "pass": true,
              "fail": false,
              "pending": false,
              "context": null,
              "code": "numbers.five();\nsigns.decimalButton();\nnumbers.seven();\nsigns.multiply();\nnumbers.five();\nsigns.equal();\n// Assertion on results\nsigns.resultField(28.5);\ncy.wait(1000);\n//click CE button to clear the result field\nsigns.clearButton();\n// verify that result is cleared after clicking CE button\nsigns.resultField(0);\ncy.wait(2000);",
              "err": {},
              "uuid": "9310dfdb-51c2-47d8-98bb-1ac7c658cda7",
              "parentUUID": "6e8b8865-b98f-43b2-9548-ccf6cdad512d",
              "isHook": false,
              "skipped": false
            },
            {
              "title": "For Division",
              "fullTitle": "Positive test cases For Division",
              "timedOut": null,
              "duration": 19779,
              "state": "passed",
              "speed": "slow",
              "pass": true,
              "fail": false,
              "pending": false,
              "context": null,
              "code": "numbers.one();\nnumbers.zero();\nsigns.divide();\nnumbers.two();\nsigns.equal();\n// Assertion on results\nsigns.resultField(5);\ncy.wait(2000);",
              "err": {},
              "uuid": "bdc1610a-58c5-46f2-8cb4-bbf7a06ac883",
              "parentUUID": "6e8b8865-b98f-43b2-9548-ccf6cdad512d",
              "isHook": false,
              "skipped": false
            }
          ],
          "suites": [],
          "passes": [
            "79a3dd14-b9c3-4e92-b9b2-abc8fda0dc00",
            "d519de37-bce0-4a48-9fc3-4770f6744289",
            "07368e0d-880a-45bd-9cb3-867e859afa5d",
            "9310dfdb-51c2-47d8-98bb-1ac7c658cda7",
            "bdc1610a-58c5-46f2-8cb4-bbf7a06ac883"
          ],
          "failures": [],
          "pending": [],
          "skipped": [],
          "duration": 81310,
          "root": false,
          "rootEmpty": false,
          "_timeout": 2000
        },
        {
          "uuid": "770c2b0e-eca0-4d31-baca-419a4b6d31db",
          "title": "Negative test cases",
          "fullFile": "",
          "file": "",
          "beforeHooks": [],
          "afterHooks": [],
          "tests": [
            {
              "title": "For addition",
              "fullTitle": "Negative test cases For addition",
              "timedOut": null,
              "duration": 17147,
              "state": "passed",
              "speed": "slow",
              "pass": true,
              "fail": false,
              "pending": false,
              "context": null,
              "code": "signs.openingBracket();\nsigns.add();\nsigns.openingBracket();\nsigns.equal();\n// Assertion on results\nsigns.resultField('Error');\ncy.wait(2000);",
              "err": {},
              "uuid": "5ab472c5-ca90-4304-a828-f4899ec928ed",
              "parentUUID": "770c2b0e-eca0-4d31-baca-419a4b6d31db",
              "isHook": false,
              "skipped": false
            },
            {
              "title": "For subtraction",
              "fullTitle": "Negative test cases For subtraction",
              "timedOut": null,
              "duration": 21504,
              "state": "passed",
              "speed": "slow",
              "pass": true,
              "fail": false,
              "pending": false,
              "context": null,
              "code": "signs.decimalButton();\nsigns.subtract();\nsigns.openingBracket();\nsigns.equal();\n// Assertion on results\nsigns.resultField('Error');\ncy.wait(2000);",
              "err": {},
              "uuid": "2945e89b-296a-4a1d-8b70-f4791930c3a7",
              "parentUUID": "770c2b0e-eca0-4d31-baca-419a4b6d31db",
              "isHook": false,
              "skipped": false
            },
            {
              "title": "For Multiplication",
              "fullTitle": "Negative test cases For Multiplication",
              "timedOut": null,
              "duration": 15715,
              "state": "passed",
              "speed": "slow",
              "pass": true,
              "fail": false,
              "pending": false,
              "context": null,
              "code": "numbers.zero();\nsigns.multiply();\nsigns.decimalButton();\nsigns.equal();\n// Assertion on results\nsigns.resultField('Error');\ncy.wait(2000);",
              "err": {},
              "uuid": "9d0309ef-c535-4c1b-a8af-0b614eee66f1",
              "parentUUID": "770c2b0e-eca0-4d31-baca-419a4b6d31db",
              "isHook": false,
              "skipped": false
            },
            {
              "title": "For Division",
              "fullTitle": "Negative test cases For Division",
              "timedOut": null,
              "duration": 16489,
              "state": "passed",
              "speed": "slow",
              "pass": true,
              "fail": false,
              "pending": false,
              "context": null,
              "code": "signs.decimalButton();\nsigns.divide();\nnumbers.seven();\nsigns.equal();\n// Assertion on results\nsigns.resultField('Error');\ncy.wait(2000);",
              "err": {},
              "uuid": "c3d4e619-0f25-4d81-91fc-b2e82acb2e4c",
              "parentUUID": "770c2b0e-eca0-4d31-baca-419a4b6d31db",
              "isHook": false,
              "skipped": false
            },
            {
              "title": "For Division",
              "fullTitle": "Negative test cases For Division",
              "timedOut": null,
              "duration": 22764,
              "state": "passed",
              "speed": "slow",
              "pass": true,
              "fail": false,
              "pending": false,
              "context": null,
              "code": "numbers.eight();\nsigns.divide();\nnumbers.zero();\nsigns.equal();\n// Assertion on results\nsigns.resultField('Infinity');\ncy.wait(2000);",
              "err": {},
              "uuid": "f3add063-f831-4d10-a5c2-7f1cd6fc9225",
              "parentUUID": "770c2b0e-eca0-4d31-baca-419a4b6d31db",
              "isHook": false,
              "skipped": false
            }
          ],
          "suites": [],
          "passes": [
            "5ab472c5-ca90-4304-a828-f4899ec928ed",
            "2945e89b-296a-4a1d-8b70-f4791930c3a7",
            "9d0309ef-c535-4c1b-a8af-0b614eee66f1",
            "c3d4e619-0f25-4d81-91fc-b2e82acb2e4c",
            "f3add063-f831-4d10-a5c2-7f1cd6fc9225"
          ],
          "failures": [],
          "pending": [],
          "skipped": [],
          "duration": 93619,
          "root": false,
          "rootEmpty": false,
          "_timeout": 2000
        }
      ],
      "passes": [],
      "failures": [],
      "pending": [],
      "skipped": [],
      "duration": 0,
      "root": true,
      "rootEmpty": true,
      "_timeout": 2000
    }
  ],
  "meta": {
    "mocha": {
      "version": "7.0.1"
    },
    "mochawesome": {
      "options": {
        "quiet": false,
        "reportFilename": "mochawesome",
        "saveHtml": false,
        "saveJson": true,
        "consoleReporter": "spec",
        "useInlineDiffs": false,
        "code": true
      },
      "version": "7.1.3"
    },
    "marge": {
      "options": {
        "overwrite": false,
        "html": false,
        "json": true,
        "reportDir": "cypress\\reports\\html\\.jsons"
      },
      "version": "6.2.0"
    }
  }
}