{
  "stats": {
    "suites": 1,
    "tests": 1,
    "passes": 1,
    "pending": 0,
    "failures": 0,
    "start": "2024-05-16T06:12:53.330Z",
    "end": "2024-05-16T06:13:03.090Z",
    "duration": 9760,
    "testsRegistered": 1,
    "passPercent": 100,
    "pendingPercent": 0,
    "other": 0,
    "hasOther": false,
    "skipped": 0,
    "hasSkipped": false
  },
  "results": [
    {
      "uuid": "f7c6d0b3-2dad-464f-8f2e-a5ed91364a8d",
      "title": "",
      "fullFile": "cypress\\e2e\\text_coverage.cy.js",
      "file": "cypress\\e2e\\text_coverage.cy.js",
      "beforeHooks": [],
      "afterHooks": [],
      "tests": [],
      "suites": [
        {
          "uuid": "a8d4056c-92a6-4999-b403-00825ee2b261",
          "title": "Text Coverage",
          "fullFile": "",
          "file": "",
          "beforeHooks": [],
          "afterHooks": [],
          "tests": [
            {
              "title": "assertion on text",
              "fullTitle": "Text Coverage assertion on text",
              "timedOut": null,
              "duration": 6322,
              "state": "passed",
              "speed": "medium",
              "pass": true,
              "fail": false,
              "pending": false,
              "context": null,
              "code": "cy.visit(\"https://www.google.com/search?q=google+calculator\");\ncy.wait(600);\ncy.viewport(1280, 800);\n// check the elements are visible and contains the text they are intended to display\nallStrings.equalExist();\nallStrings.addExist();\nallStrings.subtractExist();\nallStrings.multiplyExist();\nallStrings.divideExist();\nallStrings.clearButtonExist();\nallStrings.decimalButtonExist();\nallStrings.zeroExist();\nallStrings.oneExist();\nallStrings.twoExist();\nallStrings.threeExist();\nallStrings.fourExist();\nallStrings.fiveExist();\nallStrings.sixExist();\nallStrings.sevenExist();\nallStrings.eightExist();\nallStrings.nineExist();",
              "err": {},
              "uuid": "33b7995d-7053-4520-a20a-325bf645ed09",
              "parentUUID": "a8d4056c-92a6-4999-b403-00825ee2b261",
              "isHook": false,
              "skipped": false
            }
          ],
          "suites": [],
          "passes": [
            "33b7995d-7053-4520-a20a-325bf645ed09"
          ],
          "failures": [],
          "pending": [],
          "skipped": [],
          "duration": 6322,
          "root": false,
          "rootEmpty": false,
          "_timeout": 2000
        }
      ],
      "passes": [],
      "failures": [],
      "pending": [],
      "skipped": [],
      "duration": 0,
      "root": true,
      "rootEmpty": true,
      "_timeout": 2000
    }
  ],
  "meta": {
    "mocha": {
      "version": "7.0.1"
    },
    "mochawesome": {
      "options": {
        "quiet": false,
        "reportFilename": "mochawesome",
        "saveHtml": false,
        "saveJson": true,
        "consoleReporter": "spec",
        "useInlineDiffs": false,
        "code": true
      },
      "version": "7.1.3"
    },
    "marge": {
      "options": {
        "overwrite": false,
        "html": false,
        "json": true,
        "reportDir": "cypress\\reports\\html\\.jsons"
      },
      "version": "6.2.0"
    }
  }
}