{
  "stats": {
    "suites": 2,
    "tests": 10,
    "passes": 10,
    "pending": 0,
    "failures": 0,
    "start": "2024-05-16T06:11:17.382Z",
    "end": "2024-05-16T06:12:51.013Z",
    "duration": 93631,
    "testsRegistered": 10,
    "passPercent": 100,
    "pendingPercent": 0,
    "other": 0,
    "hasOther": false,
    "skipped": 0,
    "hasSkipped": false
  },
  "results": [
    {
      "uuid": "ff940adf-a945-4e5d-919d-f0938e66dbe1",
      "title": "",
      "fullFile": "cypress\\e2e\\positive_negative_test.cy.js",
      "file": "cypress\\e2e\\positive_negative_test.cy.js",
      "beforeHooks": [],
      "afterHooks": [],
      "tests": [],
      "suites": [
        {
          "uuid": "f1f629d1-5784-451a-bd7a-3b1666b6320d",
          "title": "Positive test cases",
          "fullFile": "",
          "file": "",
          "beforeHooks": [],
          "afterHooks": [],
          "tests": [
            {
              "title": "For addition",
              "fullTitle": "Positive test cases For addition",
              "timedOut": null,
              "duration": 8241,
              "state": "passed",
              "speed": "medium",
              "pass": true,
              "fail": false,
              "pending": false,
              "context": null,
              "code": "numbers.seven();\nsigns.add();\nnumbers.three();\nsigns.equal();\n// Assertion on results\nsigns.resultField(10);\n// cy.wait(1000)",
              "err": {},
              "uuid": "5cbaf98f-f794-4799-b60e-77ee553d1db6",
              "parentUUID": "f1f629d1-5784-451a-bd7a-3b1666b6320d",
              "isHook": false,
              "skipped": false
            },
            {
              "title": "For subtraction",
              "fullTitle": "Positive test cases For subtraction",
              "timedOut": null,
              "duration": 12927,
              "state": "passed",
              "speed": "slow",
              "pass": true,
              "fail": false,
              "pending": false,
              "context": null,
              "code": "numbers.seven();\nsigns.subtract();\nnumbers.three();\nsigns.equal();\n// Assertion on results\nsigns.resultField(4);\n// cy.wait(1000)",
              "err": {},
              "uuid": "39aeccd9-57ef-49cd-ae29-a5b49e4ab52a",
              "parentUUID": "f1f629d1-5784-451a-bd7a-3b1666b6320d",
              "isHook": false,
              "skipped": false
            },
            {
              "title": "For Multiplication",
              "fullTitle": "Positive test cases For Multiplication",
              "timedOut": null,
              "duration": 8190,
              "state": "passed",
              "speed": "medium",
              "pass": true,
              "fail": false,
              "pending": false,
              "context": null,
              "code": "numbers.one();\nnumbers.one();\nsigns.multiply();\nnumbers.seven();\nsigns.equal();\n// Assertion on results\nsigns.resultField(77);\n// cy.wait(1000)",
              "err": {},
              "uuid": "76ed071e-4dd8-470a-972f-906296bedc3f",
              "parentUUID": "f1f629d1-5784-451a-bd7a-3b1666b6320d",
              "isHook": false,
              "skipped": false
            },
            {
              "title": "For Multiplication [Decimal]",
              "fullTitle": "Positive test cases For Multiplication [Decimal]",
              "timedOut": null,
              "duration": 8448,
              "state": "passed",
              "speed": "medium",
              "pass": true,
              "fail": false,
              "pending": false,
              "context": null,
              "code": "numbers.five();\nsigns.decimalButton();\nnumbers.seven();\nsigns.multiply();\nnumbers.five();\nsigns.equal();\n// Assertion on results\nsigns.resultField(28.5);\ncy.wait(1000);\n//click CE button to clear the result field\nsigns.clearButton();\n// verify that result is cleared after clicking CE button\nsigns.resultField(0);\n// cy.wait(2000)",
              "err": {},
              "uuid": "d172c64f-afd6-49cc-879b-809a25b2a5b7",
              "parentUUID": "f1f629d1-5784-451a-bd7a-3b1666b6320d",
              "isHook": false,
              "skipped": false
            },
            {
              "title": "For Division",
              "fullTitle": "Positive test cases For Division",
              "timedOut": null,
              "duration": 6315,
              "state": "passed",
              "speed": "medium",
              "pass": true,
              "fail": false,
              "pending": false,
              "context": null,
              "code": "numbers.one();\nnumbers.zero();\nsigns.divide();\nnumbers.two();\nsigns.equal();\n// Assertion on results\nsigns.resultField(5);\n// cy.wait(2000)",
              "err": {},
              "uuid": "a7c7c742-7185-4178-94ac-523e625ba944",
              "parentUUID": "f1f629d1-5784-451a-bd7a-3b1666b6320d",
              "isHook": false,
              "skipped": false
            }
          ],
          "suites": [],
          "passes": [
            "5cbaf98f-f794-4799-b60e-77ee553d1db6",
            "39aeccd9-57ef-49cd-ae29-a5b49e4ab52a",
            "76ed071e-4dd8-470a-972f-906296bedc3f",
            "d172c64f-afd6-49cc-879b-809a25b2a5b7",
            "a7c7c742-7185-4178-94ac-523e625ba944"
          ],
          "failures": [],
          "pending": [],
          "skipped": [],
          "duration": 44121,
          "root": false,
          "rootEmpty": false,
          "_timeout": 2000
        },
        {
          "uuid": "a83182ec-a906-4e2f-8e9f-2ef7034dccc6",
          "title": "Negative test cases",
          "fullFile": "",
          "file": "",
          "beforeHooks": [],
          "afterHooks": [],
          "tests": [
            {
              "title": "For addition",
              "fullTitle": "Negative test cases For addition",
              "timedOut": null,
              "duration": 6639,
              "state": "passed",
              "speed": "medium",
              "pass": true,
              "fail": false,
              "pending": false,
              "context": null,
              "code": "signs.openingBracket();\nsigns.add();\nsigns.openingBracket();\nsigns.equal();\n// Assertion on results\nsigns.resultField('Error');\n// cy.wait(2000)",
              "err": {},
              "uuid": "a465d173-0a57-48cf-84fc-e2d11850cefd",
              "parentUUID": "a83182ec-a906-4e2f-8e9f-2ef7034dccc6",
              "isHook": false,
              "skipped": false
            },
            {
              "title": "For subtraction",
              "fullTitle": "Negative test cases For subtraction",
              "timedOut": null,
              "duration": 8149,
              "state": "passed",
              "speed": "medium",
              "pass": true,
              "fail": false,
              "pending": false,
              "context": null,
              "code": "signs.decimalButton();\nsigns.subtract();\nsigns.openingBracket();\nsigns.equal();\n// Assertion on results\nsigns.resultField('Error');\n// cy.wait(2000)",
              "err": {},
              "uuid": "660201b7-ed40-4701-ba8a-6e051cfebd95",
              "parentUUID": "a83182ec-a906-4e2f-8e9f-2ef7034dccc6",
              "isHook": false,
              "skipped": false
            },
            {
              "title": "For Multiplication",
              "fullTitle": "Negative test cases For Multiplication",
              "timedOut": null,
              "duration": 8621,
              "state": "passed",
              "speed": "medium",
              "pass": true,
              "fail": false,
              "pending": false,
              "context": null,
              "code": "numbers.zero();\nsigns.multiply();\nsigns.decimalButton();\nsigns.equal();\n// Assertion on results\nsigns.resultField('Error');\n// cy.wait(2000)",
              "err": {},
              "uuid": "06d98105-cc87-4069-a306-9829331939b8",
              "parentUUID": "a83182ec-a906-4e2f-8e9f-2ef7034dccc6",
              "isHook": false,
              "skipped": false
            },
            {
              "title": "For Division",
              "fullTitle": "Negative test cases For Division",
              "timedOut": null,
              "duration": 10594,
              "state": "passed",
              "speed": "slow",
              "pass": true,
              "fail": false,
              "pending": false,
              "context": null,
              "code": "signs.decimalButton();\nsigns.divide();\nnumbers.seven();\nsigns.equal();\n// Assertion on results\nsigns.resultField('Error');\n// cy.wait(2000)",
              "err": {},
              "uuid": "f37b9446-37a0-473b-adeb-33886461c7d2",
              "parentUUID": "a83182ec-a906-4e2f-8e9f-2ef7034dccc6",
              "isHook": false,
              "skipped": false
            },
            {
              "title": "For Division",
              "fullTitle": "Negative test cases For Division",
              "timedOut": null,
              "duration": 9656,
              "state": "passed",
              "speed": "medium",
              "pass": true,
              "fail": false,
              "pending": false,
              "context": null,
              "code": "numbers.eight();\nsigns.divide();\nnumbers.zero();\nsigns.equal();\n// Assertion on results\nsigns.resultField('Infinity');\n// cy.wait(2000)",
              "err": {},
              "uuid": "341e939a-a21d-4fad-a4fc-f84ad703983c",
              "parentUUID": "a83182ec-a906-4e2f-8e9f-2ef7034dccc6",
              "isHook": false,
              "skipped": false
            }
          ],
          "suites": [],
          "passes": [
            "a465d173-0a57-48cf-84fc-e2d11850cefd",
            "660201b7-ed40-4701-ba8a-6e051cfebd95",
            "06d98105-cc87-4069-a306-9829331939b8",
            "f37b9446-37a0-473b-adeb-33886461c7d2",
            "341e939a-a21d-4fad-a4fc-f84ad703983c"
          ],
          "failures": [],
          "pending": [],
          "skipped": [],
          "duration": 43659,
          "root": false,
          "rootEmpty": false,
          "_timeout": 2000
        }
      ],
      "passes": [],
      "failures": [],
      "pending": [],
      "skipped": [],
      "duration": 0,
      "root": true,
      "rootEmpty": true,
      "_timeout": 2000
    }
  ],
  "meta": {
    "mocha": {
      "version": "7.0.1"
    },
    "mochawesome": {
      "options": {
        "quiet": false,
        "reportFilename": "mochawesome",
        "saveHtml": false,
        "saveJson": true,
        "consoleReporter": "spec",
        "useInlineDiffs": false,
        "code": true
      },
      "version": "7.1.3"
    },
    "marge": {
      "options": {
        "overwrite": false,
        "html": false,
        "json": true,
        "reportDir": "cypress\\reports\\html\\.jsons"
      },
      "version": "6.2.0"
    }
  }
}