{
  "stats": {
    "suites": 1,
    "tests": 1,
    "passes": 1,
    "pending": 0,
    "failures": 0,
    "start": "2024-05-15T17:27:24.568Z",
    "end": "2024-05-15T17:27:36.198Z",
    "duration": 11630,
    "testsRegistered": 1,
    "passPercent": 100,
    "pendingPercent": 0,
    "other": 0,
    "hasOther": false,
    "skipped": 0,
    "hasSkipped": false
  },
  "results": [
    {
      "uuid": "1e960a96-662b-4fe2-ada2-62f516ad3ff2",
      "title": "",
      "fullFile": "cypress\\e2e\\text_coverage.cy.js",
      "file": "cypress\\e2e\\text_coverage.cy.js",
      "beforeHooks": [],
      "afterHooks": [],
      "tests": [],
      "suites": [
        {
          "uuid": "6bd2ad98-f4c4-4bbd-bf39-55b9d5add4ca",
          "title": "Text Coverage",
          "fullFile": "",
          "file": "",
          "beforeHooks": [],
          "afterHooks": [],
          "tests": [
            {
              "title": "assertion on text",
              "fullTitle": "Text Coverage assertion on text",
              "timedOut": null,
              "duration": 6273,
              "state": "passed",
              "speed": "medium",
              "pass": true,
              "fail": false,
              "pending": false,
              "context": null,
              "code": "cy.visit(\"https://www.google.com/search?q=google+calculator\");\ncy.wait(600);\ncy.get('.jfN4p').scrollIntoView();\n// check the elements are visible and contains the text they are intended to display\nallStrings.equalExist();\nallStrings.addExist();\nallStrings.subtractExist();\nallStrings.multiplyExist();\nallStrings.divideExist();\nallStrings.clearButtonExist();\nallStrings.decimalButtonExist();\nallStrings.zeroExist();\nallStrings.oneExist();\nallStrings.twoExist();\nallStrings.threeExist();\nallStrings.fourExist();\nallStrings.fiveExist();\nallStrings.sixExist();\nallStrings.sevenExist();\nallStrings.eightExist();\nallStrings.nineExist();",
              "err": {},
              "uuid": "45f13ada-525e-4e15-83e9-9efb85ad00ec",
              "parentUUID": "6bd2ad98-f4c4-4bbd-bf39-55b9d5add4ca",
              "isHook": false,
              "skipped": false
            }
          ],
          "suites": [],
          "passes": [
            "45f13ada-525e-4e15-83e9-9efb85ad00ec"
          ],
          "failures": [],
          "pending": [],
          "skipped": [],
          "duration": 6273,
          "root": false,
          "rootEmpty": false,
          "_timeout": 2000
        }
      ],
      "passes": [],
      "failures": [],
      "pending": [],
      "skipped": [],
      "duration": 0,
      "root": true,
      "rootEmpty": true,
      "_timeout": 2000
    }
  ],
  "meta": {
    "mocha": {
      "version": "7.0.1"
    },
    "mochawesome": {
      "options": {
        "quiet": false,
        "reportFilename": "mochawesome",
        "saveHtml": false,
        "saveJson": true,
        "consoleReporter": "spec",
        "useInlineDiffs": false,
        "code": true
      },
      "version": "7.1.3"
    },
    "marge": {
      "options": {
        "overwrite": false,
        "html": false,
        "json": true,
        "reportDir": "cypress\\reports\\html\\.jsons"
      },
      "version": "6.2.0"
    }
  }
}