{
  "stats": {
    "suites": 1,
    "tests": 2,
    "passes": 2,
    "pending": 0,
    "failures": 0,
    "start": "2024-05-15T17:19:34.800Z",
    "end": "2024-05-15T17:20:14.601Z",
    "duration": 39801,
    "testsRegistered": 2,
    "passPercent": 100,
    "pendingPercent": 0,
    "other": 0,
    "hasOther": false,
    "skipped": 0,
    "hasSkipped": false
  },
  "results": [
    {
      "uuid": "99224cab-697f-46d5-b1b5-15fee8535393",
      "title": "",
      "fullFile": "cypress\\e2e\\Calculator_Button_verification.cy.js",
      "file": "cypress\\e2e\\Calculator_Button_verification.cy.js",
      "beforeHooks": [],
      "afterHooks": [],
      "tests": [],
      "suites": [
        {
          "uuid": "85165308-312c-4ee9-b51b-40dee1410f21",
          "title": "Google Calculator Functionality",
          "fullFile": "",
          "file": "",
          "beforeHooks": [],
          "afterHooks": [],
          "tests": [
            {
              "title": "should only have the specified buttons",
              "fullTitle": "Google Calculator Functionality should only have the specified buttons",
              "timedOut": null,
              "duration": 11153,
              "state": "passed",
              "speed": "slow",
              "pass": true,
              "fail": false,
              "pending": false,
              "context": null,
              "code": "// Check for presence of each specified button\ncy.get('.PaQdxb.mF5fo').then(() => {\n  for (const key in Operators) {\n    const operatorClass = Operators[key];\n    cy.get(`[jsname=\"${operatorClass}\"]`).should('exist');\n  }\n});",
              "err": {},
              "uuid": "ab3314d9-dac2-415b-8634-ba4241b845f7",
              "parentUUID": "85165308-312c-4ee9-b51b-40dee1410f21",
              "isHook": false,
              "skipped": false
            },
            {
              "title": "should display numbers when number buttons are clicked",
              "fullTitle": "Google Calculator Functionality should display numbers when number buttons are clicked",
              "timedOut": null,
              "duration": 23293,
              "state": "passed",
              "speed": "slow",
              "pass": true,
              "fail": false,
              "pending": false,
              "context": null,
              "code": "// Click buttons 1, 2, 3, 4, 5, 6, 7, 8, 9, 0\nnumbers.one(); // 1\nnumbers.two(); // 2\nnumbers.three(); // 3\nnumbers.four(); // 4\nnumbers.five(); // 5\nnumbers.six(); // 6\nnumbers.seven(); // 7\nnumbers.eight(); // 8\nnumbers.nine(); // 9\nnumbers.zero(); // 0\n// Check the display shows the correct sequence\nnumbers.inputField();",
              "err": {},
              "uuid": "2d5da4ec-9d40-4f64-b770-d86097d87d16",
              "parentUUID": "85165308-312c-4ee9-b51b-40dee1410f21",
              "isHook": false,
              "skipped": false
            }
          ],
          "suites": [],
          "passes": [
            "ab3314d9-dac2-415b-8634-ba4241b845f7",
            "2d5da4ec-9d40-4f64-b770-d86097d87d16"
          ],
          "failures": [],
          "pending": [],
          "skipped": [],
          "duration": 34446,
          "root": false,
          "rootEmpty": false,
          "_timeout": 2000
        }
      ],
      "passes": [],
      "failures": [],
      "pending": [],
      "skipped": [],
      "duration": 0,
      "root": true,
      "rootEmpty": true,
      "_timeout": 2000
    }
  ],
  "meta": {
    "mocha": {
      "version": "7.0.1"
    },
    "mochawesome": {
      "options": {
        "quiet": false,
        "reportFilename": "mochawesome",
        "saveHtml": false,
        "saveJson": true,
        "consoleReporter": "spec",
        "useInlineDiffs": false,
        "code": true
      },
      "version": "7.1.3"
    },
    "marge": {
      "options": {
        "overwrite": false,
        "html": false,
        "json": true,
        "reportDir": "cypress\\reports\\html\\.jsons"
      },
      "version": "6.2.0"
    }
  }
}