{
  "stats": {
    "suites": 1,
    "tests": 2,
    "passes": 2,
    "pending": 0,
    "failures": 0,
    "start": "2024-05-16T06:10:02.993Z",
    "end": "2024-05-16T06:10:31.086Z",
    "duration": 28093,
    "testsRegistered": 2,
    "passPercent": 100,
    "pendingPercent": 0,
    "other": 0,
    "hasOther": false,
    "skipped": 0,
    "hasSkipped": false
  },
  "results": [
    {
      "uuid": "03680364-c11c-479f-b320-2f72d8c374d6",
      "title": "",
      "fullFile": "cypress\\e2e\\Calculator_Button_verification.cy.js",
      "file": "cypress\\e2e\\Calculator_Button_verification.cy.js",
      "beforeHooks": [],
      "afterHooks": [],
      "tests": [],
      "suites": [
        {
          "uuid": "8b62aae1-e2f2-4f4c-9a54-d65675507ddd",
          "title": "Google Calculator Functionality",
          "fullFile": "",
          "file": "",
          "beforeHooks": [],
          "afterHooks": [],
          "tests": [
            {
              "title": "should only have the specified buttons",
              "fullTitle": "Google Calculator Functionality should only have the specified buttons",
              "timedOut": null,
              "duration": 9375,
              "state": "passed",
              "speed": "medium",
              "pass": true,
              "fail": false,
              "pending": false,
              "context": null,
              "code": "// Check for presence of each specified button\ncy.get('.PaQdxb.mF5fo').then(() => {\n  for (const key in Operators) {\n    const operatorClass = Operators[key];\n    cy.get(`[jsname=\"${operatorClass}\"]`).should('exist');\n  }\n});",
              "err": {},
              "uuid": "c4bd17a0-27e7-47ba-b4ed-45bdbc416f8a",
              "parentUUID": "8b62aae1-e2f2-4f4c-9a54-d65675507ddd",
              "isHook": false,
              "skipped": false
            },
            {
              "title": "should display numbers when number buttons are clicked",
              "fullTitle": "Google Calculator Functionality should display numbers when number buttons are clicked",
              "timedOut": null,
              "duration": 13400,
              "state": "passed",
              "speed": "slow",
              "pass": true,
              "fail": false,
              "pending": false,
              "context": null,
              "code": "// Click buttons 1, 2, 3, 4, 5, 6, 7, 8, 9, 0\nnumbers.one(); // 1\nnumbers.two(); // 2\nnumbers.three(); // 3\nnumbers.four(); // 4\nnumbers.five(); // 5\nnumbers.six(); // 6\nnumbers.seven(); // 7\nnumbers.eight(); // 8\nnumbers.nine(); // 9\nnumbers.zero(); // 0\n// Check the display shows the correct sequence\nnumbers.inputField();",
              "err": {},
              "uuid": "fa5ba5ce-b214-4504-b7b5-032dc6a920f2",
              "parentUUID": "8b62aae1-e2f2-4f4c-9a54-d65675507ddd",
              "isHook": false,
              "skipped": false
            }
          ],
          "suites": [],
          "passes": [
            "c4bd17a0-27e7-47ba-b4ed-45bdbc416f8a",
            "fa5ba5ce-b214-4504-b7b5-032dc6a920f2"
          ],
          "failures": [],
          "pending": [],
          "skipped": [],
          "duration": 22775,
          "root": false,
          "rootEmpty": false,
          "_timeout": 2000
        }
      ],
      "passes": [],
      "failures": [],
      "pending": [],
      "skipped": [],
      "duration": 0,
      "root": true,
      "rootEmpty": true,
      "_timeout": 2000
    }
  ],
  "meta": {
    "mocha": {
      "version": "7.0.1"
    },
    "mochawesome": {
      "options": {
        "quiet": false,
        "reportFilename": "mochawesome",
        "saveHtml": false,
        "saveJson": true,
        "consoleReporter": "spec",
        "useInlineDiffs": false,
        "code": true
      },
      "version": "7.1.3"
    },
    "marge": {
      "options": {
        "overwrite": false,
        "html": false,
        "json": true,
        "reportDir": "cypress\\reports\\html\\.jsons"
      },
      "version": "6.2.0"
    }
  }
}