{
  "stats": {
    "suites": 1,
    "tests": 3,
    "passes": 3,
    "pending": 0,
    "failures": 0,
    "start": "2024-05-15T17:23:26.714Z",
    "end": "2024-05-15T17:24:19.875Z",
    "duration": 53161,
    "testsRegistered": 3,
    "passPercent": 100,
    "pendingPercent": 0,
    "other": 0,
    "hasOther": false,
    "skipped": 0,
    "hasSkipped": false
  },
  "results": [
    {
      "uuid": "4bba4784-69e4-4646-9d53-caeb3dd71904",
      "title": "",
      "fullFile": "cypress\\e2e\\language_support.cy.js",
      "file": "cypress\\e2e\\language_support.cy.js",
      "beforeHooks": [],
      "afterHooks": [],
      "tests": [],
      "suites": [
        {
          "uuid": "34cc20a5-81fc-4b6f-bd51-66e9511e71ca",
          "title": "Language support test suit",
          "fullFile": "",
          "file": "",
          "beforeHooks": [],
          "afterHooks": [],
          "tests": [
            {
              "title": "For addition",
              "fullTitle": "Language support test suit For addition",
              "timedOut": null,
              "duration": 17012,
              "state": "passed",
              "speed": "slow",
              "pass": true,
              "fail": false,
              "pending": false,
              "context": null,
              "code": "cy.wait(2500);\nnumbers.seven();\nsigns.add();\nnumbers.three();\nsigns.equal();\n// Assertion on results\nsigns.resultField(10);\ncy.wait(2000);",
              "err": {},
              "uuid": "f31ea240-d96f-4f13-a36a-87f437b62e13",
              "parentUUID": "34cc20a5-81fc-4b6f-bd51-66e9511e71ca",
              "isHook": false,
              "skipped": false
            },
            {
              "title": "For subtraction",
              "fullTitle": "Language support test suit For subtraction",
              "timedOut": null,
              "duration": 17172,
              "state": "passed",
              "speed": "slow",
              "pass": true,
              "fail": false,
              "pending": false,
              "context": null,
              "code": "cy.wait(2500);\nnumbers.seven();\nsigns.subtract();\nnumbers.three();\nsigns.equal();\n// Assertion on results\nsigns.resultField(4);\ncy.wait(2000);",
              "err": {},
              "uuid": "84c73078-9a72-4fa7-a64c-a01375f3f61e",
              "parentUUID": "34cc20a5-81fc-4b6f-bd51-66e9511e71ca",
              "isHook": false,
              "skipped": false
            },
            {
              "title": "For Division",
              "fullTitle": "Language support test suit For Division",
              "timedOut": null,
              "duration": 16223,
              "state": "passed",
              "speed": "slow",
              "pass": true,
              "fail": false,
              "pending": false,
              "context": null,
              "code": "cy.wait(2500);\nnumbers.one();\nnumbers.zero();\nsigns.divide();\nnumbers.two();\nsigns.equal();\n// Assertion on results\nsigns.resultField(5);\ncy.wait(2000);",
              "err": {},
              "uuid": "96ef7e30-1cb0-4a30-82b4-2343cf0c20da",
              "parentUUID": "34cc20a5-81fc-4b6f-bd51-66e9511e71ca",
              "isHook": false,
              "skipped": false
            }
          ],
          "suites": [],
          "passes": [
            "f31ea240-d96f-4f13-a36a-87f437b62e13",
            "84c73078-9a72-4fa7-a64c-a01375f3f61e",
            "96ef7e30-1cb0-4a30-82b4-2343cf0c20da"
          ],
          "failures": [],
          "pending": [],
          "skipped": [],
          "duration": 50407,
          "root": false,
          "rootEmpty": false,
          "_timeout": 2000
        }
      ],
      "passes": [],
      "failures": [],
      "pending": [],
      "skipped": [],
      "duration": 0,
      "root": true,
      "rootEmpty": true,
      "_timeout": 2000
    }
  ],
  "meta": {
    "mocha": {
      "version": "7.0.1"
    },
    "mochawesome": {
      "options": {
        "quiet": false,
        "reportFilename": "mochawesome",
        "saveHtml": false,
        "saveJson": true,
        "consoleReporter": "spec",
        "useInlineDiffs": false,
        "code": true
      },
      "version": "7.1.3"
    },
    "marge": {
      "options": {
        "overwrite": false,
        "html": false,
        "json": true,
        "reportDir": "cypress\\reports\\html\\.jsons"
      },
      "version": "6.2.0"
    }
  }
}