{
  "stats": {
    "suites": 1,
    "tests": 1,
    "passes": 1,
    "pending": 0,
    "failures": 0,
    "start": "2024-05-15T17:01:12.767Z",
    "end": "2024-05-15T17:01:28.147Z",
    "duration": 15380,
    "testsRegistered": 1,
    "passPercent": 100,
    "pendingPercent": 0,
    "other": 0,
    "hasOther": false,
    "skipped": 0,
    "hasSkipped": false
  },
  "results": [
    {
      "uuid": "f9c397d9-2125-4613-bd9b-63842be7292b",
      "title": "",
      "fullFile": "cypress\\e2e\\text_coverage.cy.js",
      "file": "cypress\\e2e\\text_coverage.cy.js",
      "beforeHooks": [],
      "afterHooks": [],
      "tests": [],
      "suites": [
        {
          "uuid": "40aa2a21-730f-4ab5-9d2d-81eb9f40befe",
          "title": "Text Coverage",
          "fullFile": "",
          "file": "",
          "beforeHooks": [],
          "afterHooks": [],
          "tests": [
            {
              "title": "assertion on text",
              "fullTitle": "Text Coverage assertion on text",
              "timedOut": null,
              "duration": 9701,
              "state": "passed",
              "speed": "medium",
              "pass": true,
              "fail": false,
              "pending": false,
              "context": null,
              "code": "cy.visit(\"https://www.google.com/search?q=google+calculator\");\ncy.wait(600);\ncy.get('.jfN4p').scrollIntoView();\n// check the elements are visible and contains the text they are intended to display\nallStrings.equalExist();\nallStrings.addExist();\nallStrings.subtractExist();\nallStrings.multiplyExist();\nallStrings.divideExist();\nallStrings.clearButtonExist();\nallStrings.decimalButtonExist();\nallStrings.zeroExist();\nallStrings.oneExist();\nallStrings.twoExist();\nallStrings.threeExist();\nallStrings.fourExist();\nallStrings.fiveExist();\nallStrings.sixExist();\nallStrings.sevenExist();\nallStrings.eightExist();\nallStrings.nineExist();",
              "err": {},
              "uuid": "87337b9a-97e5-43c7-bf86-272467ac78cb",
              "parentUUID": "40aa2a21-730f-4ab5-9d2d-81eb9f40befe",
              "isHook": false,
              "skipped": false
            }
          ],
          "suites": [],
          "passes": [
            "87337b9a-97e5-43c7-bf86-272467ac78cb"
          ],
          "failures": [],
          "pending": [],
          "skipped": [],
          "duration": 9701,
          "root": false,
          "rootEmpty": false,
          "_timeout": 2000
        }
      ],
      "passes": [],
      "failures": [],
      "pending": [],
      "skipped": [],
      "duration": 0,
      "root": true,
      "rootEmpty": true,
      "_timeout": 2000
    }
  ],
  "meta": {
    "mocha": {
      "version": "7.0.1"
    },
    "mochawesome": {
      "options": {
        "quiet": false,
        "reportFilename": "mochawesome",
        "saveHtml": true,
        "saveJson": true,
        "consoleReporter": "spec",
        "useInlineDiffs": false,
        "code": true
      },
      "version": "7.1.3"
    },
    "marge": {
      "options": null,
      "version": "6.2.0"
    }
  }
}